0 info it worked if it ends with ok
1 verbose cli [ '/usr/local/bin/node',
1 verbose cli   '/usr/local/bin/npm',
1 verbose cli   'install',
1 verbose cli   '-g',
1 verbose cli   'n',
1 verbose cli   '12.13.0' ]
2 info using npm@2.11.3
3 info using node@v0.12.7
4 verbose install initial load of /usr/local/lib/package.json
5 verbose readDependencies loading dependencies from /usr/local/lib/package.json
6 silly cache add args [ 'n', null ]
7 verbose cache add spec n
8 silly cache add args [ '12.13.0', null ]
9 verbose cache add spec 12.13.0
10 silly cache add parsed spec { raw: 'n',
10 silly cache add   scope: null,
10 silly cache add   name: 'n',
10 silly cache add   rawSpec: '',
10 silly cache add   spec: '*',
10 silly cache add   type: 'range' }
11 silly addNamed n@*
12 verbose addNamed "*" is a valid semver range for n
13 silly addNameRange { name: 'n', range: '*', hasData: false }
14 silly mapToRegistry name n
15 silly mapToRegistry using default registry
16 silly mapToRegistry registry https://registry.npmjs.org/
17 silly mapToRegistry uri https://registry.npmjs.org/n
18 verbose addNameRange registry:https://registry.npmjs.org/n not in flight; fetching
19 silly cache add parsed spec { raw: '12.13.0',
19 silly cache add   scope: null,
19 silly cache add   name: '12.13.0',
19 silly cache add   rawSpec: '',
19 silly cache add   spec: '*',
19 silly cache add   type: 'range' }
20 silly addNamed 12.13.0@*
21 verbose addNamed "*" is a valid semver range for 12.13.0
22 silly addNameRange { name: '12.13.0', range: '*', hasData: false }
23 silly mapToRegistry name 12.13.0
24 silly mapToRegistry using default registry
25 silly mapToRegistry registry https://registry.npmjs.org/
26 silly mapToRegistry uri https://registry.npmjs.org/12.13.0
27 verbose addNameRange registry:https://registry.npmjs.org/12.13.0 not in flight; fetching
28 verbose request uri https://registry.npmjs.org/12.13.0
29 verbose request no auth needed
30 info attempt registry request try #1 at 9:22:42 PM
31 verbose request id b1a6dea5ba577ee4
32 http request GET https://registry.npmjs.org/12.13.0
33 verbose request uri https://registry.npmjs.org/n
34 verbose request no auth needed
35 info attempt registry request try #1 at 9:22:43 PM
36 verbose etag W/"e86ffbfdefe5015dd388c3c127cb405f"
37 verbose lastModified Sun, 25 Feb 2024 03:37:13 GMT
38 http request GET https://registry.npmjs.org/n
39 http 404 https://registry.npmjs.org/12.13.0
40 verbose headers { date: 'Wed, 17 Apr 2024 19:22:43 GMT',
40 verbose headers   'content-type': 'application/json',
40 verbose headers   'content-length': '21',
40 verbose headers   connection: 'keep-alive',
40 verbose headers   'cf-ray': '875ec914bf40970d-AMS',
40 verbose headers   age: '184',
40 verbose headers   vary: 'Accept-Encoding',
40 verbose headers   server: 'cloudflare' }
41 silly get cb [ 404,
41 silly get   { date: 'Wed, 17 Apr 2024 19:22:43 GMT',
41 silly get     'content-type': 'application/json',
41 silly get     'content-length': '21',
41 silly get     connection: 'keep-alive',
41 silly get     'cf-ray': '875ec914bf40970d-AMS',
41 silly get     age: '184',
41 silly get     vary: 'Accept-Encoding',
41 silly get     server: 'cloudflare' } ]
42 http 304 https://registry.npmjs.org/n
43 silly get cb [ 304,
43 silly get   { date: 'Wed, 17 Apr 2024 19:22:43 GMT',
43 silly get     connection: 'keep-alive',
43 silly get     'cf-ray': '875ec914d813b98c-AMS',
43 silly get     'cf-cache-status': 'HIT',
43 silly get     age: '80',
43 silly get     'cache-control': 'public, max-age=300',
43 silly get     etag: '"e86ffbfdefe5015dd388c3c127cb405f"',
43 silly get     'last-modified': 'Sun, 25 Feb 2024 03:37:13 GMT',
43 silly get     vary: 'Accept-Encoding',
43 silly get     server: 'cloudflare' } ]
44 verbose etag https://registry.npmjs.org/n from cache
45 verbose get saving n to /Users/danielvanbreda/.npm/registry.npmjs.org/n/.cache.json
46 silly addNameRange number 2 { name: 'n', range: '*', hasData: true }
47 silly addNameRange versions [ 'n',
47 silly addNameRange   [ '0.0.1',
47 silly addNameRange     '0.0.2',
47 silly addNameRange     '0.0.3',
47 silly addNameRange     '0.0.4',
47 silly addNameRange     '0.1.0',
47 silly addNameRange     '0.1.1',
47 silly addNameRange     '0.1.2',
47 silly addNameRange     '0.2.0',
47 silly addNameRange     '0.2.1',
47 silly addNameRange     '0.2.2',
47 silly addNameRange     '0.3.0',
47 silly addNameRange     '0.4.0',
47 silly addNameRange     '0.4.1',
47 silly addNameRange     '0.4.2',
47 silly addNameRange     '0.5.0',
47 silly addNameRange     '0.5.1',
47 silly addNameRange     '0.5.2',
47 silly addNameRange     '0.5.3',
47 silly addNameRange     '0.5.4',
47 silly addNameRange     '0.6.0',
47 silly addNameRange     '0.6.1',
47 silly addNameRange     '0.7.0',
47 silly addNameRange     '0.7.1',
47 silly addNameRange     '0.7.2',
47 silly addNameRange     '0.7.3',
47 silly addNameRange     '0.8.0',
47 silly addNameRange     '0.8.1',
47 silly addNameRange     '0.8.2',
47 silly addNameRange     '0.9.0',
47 silly addNameRange     '0.9.1',
47 silly addNameRange     '0.9.2',
47 silly addNameRange     '0.9.3',
47 silly addNameRange     '1.0.0',
47 silly addNameRange     '1.1.0',
47 silly addNameRange     '1.2.1',
47 silly addNameRange     '1.2.2',
47 silly addNameRange     '1.2.3',
47 silly addNameRange     '1.2.4',
47 silly addNameRange     '1.2.5',
47 silly addNameRange     '1.2.6',
47 silly addNameRange     '1.2.7',
47 silly addNameRange     '1.2.8',
47 silly addNameRange     '1.2.9',
47 silly addNameRange     '1.2.11',
47 silly addNameRange     '1.2.13',
47 silly addNameRange     '1.2.14',
47 silly addNameRange     '1.3.0',
47 silly addNameRange     '1.4.0',
47 silly addNameRange     '2.0.0',
47 silly addNameRange     '1.4.1',
47 silly addNameRange     '2.0.1',
47 silly addNameRange     '1.4.2',
47 silly addNameRange     '2.0.2',
47 silly addNameRange     '2.1.0',
47 silly addNameRange     '2.1.1',
47 silly addNameRange     '2.1.2',
47 silly addNameRange     '2.1.3',
47 silly addNameRange     '2.1.4',
47 silly addNameRange     '2.1.5',
47 silly addNameRange     '2.1.6',
47 silly addNameRange     '2.1.7',
47 silly addNameRange     '2.1.8',
47 silly addNameRange     '2.1.9',
47 silly addNameRange     '2.1.10',
47 silly addNameRange     '2.1.11',
47 silly addNameRange     '2.1.12',
47 silly addNameRange     '3.0.0',
47 silly addNameRange     '3.0.1',
47 silly addNameRange     '3.0.2',
47 silly addNameRange     '4.0.0',
47 silly addNameRange     '4.1.0',
47 silly addNameRange     '5.0.0-next.0',
47 silly addNameRange     '5.0.0',
47 silly addNameRange     '5.0.1',
47 silly addNameRange     '5.0.2',
47 silly addNameRange     '6.0.0-0',
47 silly addNameRange     '6.0.0-1',
47 silly addNameRange     '6.0.0',
47 silly addNameRange     '6.0.1',
47 silly addNameRange     '6.1.0',
47 silly addNameRange     '6.1.1',
47 silly addNameRange     '6.1.2',
47 silly addNameRange     '6.1.3',
47 silly addNameRange     '6.2.0',
47 silly addNameRange     '6.3.0',
47 silly addNameRange     '6.3.1',
47 silly addNameRange     '6.4.0',
47 silly addNameRange     '6.5.0',
47 silly addNameRange     '6.5.1',
47 silly addNameRange     '6.6.0',
47 silly addNameRange     '6.7.0',
47 silly addNameRange     '6.7.1',
47 silly addNameRange     '6.8.0',
47 silly addNameRange     '7.0.0',
47 silly addNameRange     '7.0.1',
47 silly addNameRange     '7.0.2',
47 silly addNameRange     '7.1.0',
47 silly addNameRange     '7.2.0',
47 silly addNameRange     '7.2.1',
47 silly addNameRange     '7.2.2',
47 silly addNameRange     '7.3.0',
47 silly addNameRange     '7.3.1',
47 silly addNameRange     '7.4.0',
47 silly addNameRange     '7.4.1',
47 silly addNameRange     '7.5.0',
47 silly addNameRange     '8.0.0',
47 silly addNameRange     '8.0.1',
47 silly addNameRange     '8.0.2',
47 silly addNameRange     '8.1.0',
47 silly addNameRange     '8.2.0',
47 silly addNameRange     '9.0.0',
47 silly addNameRange     '9.0.1',
47 silly addNameRange     '9.1.0',
47 silly addNameRange     '9.2.0',
47 silly addNameRange     '9.2.1' ] ]
48 silly addNamed n@9.2.1
49 verbose addNamed "9.2.1" is a plain semver version for n
50 silly cache afterAdd n@9.2.1
51 verbose afterAdd /Users/danielvanbreda/.npm/n/9.2.1/package/package.json not in flight; writing
52 verbose afterAdd /Users/danielvanbreda/.npm/n/9.2.1/package/package.json written
53 verbose stack Error: Not found : 12.13.0
53 verbose stack     at CachingRegistryClient.<anonymous> (/usr/local/lib/node_modules/npm/node_modules/npm-registry-client/lib/request.js:247:14)
53 verbose stack     at Request._callback (/usr/local/lib/node_modules/npm/node_modules/npm-registry-client/lib/request.js:170:14)
53 verbose stack     at Request.self.callback (/usr/local/lib/node_modules/npm/node_modules/request/request.js:354:22)
53 verbose stack     at Request.emit (events.js:110:17)
53 verbose stack     at Request.<anonymous> (/usr/local/lib/node_modules/npm/node_modules/request/request.js:1207:14)
53 verbose stack     at Request.emit (events.js:129:20)
53 verbose stack     at IncomingMessage.<anonymous> (/usr/local/lib/node_modules/npm/node_modules/request/request.js:1153:12)
53 verbose stack     at IncomingMessage.emit (events.js:129:20)
53 verbose stack     at _stream_readable.js:908:16
53 verbose stack     at process._tickCallback (node.js:355:11)
54 verbose statusCode 404
55 verbose pkgid 12.13.0
56 verbose cwd /Users/danielvanbreda/Documents/GitHub/google-assistant-edit
57 error Darwin 23.3.0
58 error argv "/usr/local/bin/node" "/usr/local/bin/npm" "install" "-g" "n" "12.13.0"
59 error node v0.12.7
60 error npm  v2.11.3
61 error code E404
62 error 404 Not found : 12.13.0
62 error 404
62 error 404 '12.13.0' is not in the npm registry.
62 error 404 You should bug the author to publish it (or use the name yourself!)
62 error 404
62 error 404 Note that you can also install from a
62 error 404 tarball, folder, http url, or git url.
63 verbose exit [ 1, true ]
